includes ===> include
includes ===> include/../common/include/prop
includes ===> include/arch
includes ===> include/arch/i386
includes ===> include/arch/i386/include
includes ===> include/sys
includes ===> include/minix
includes ===> include/net
includes ===> include/net/gen
includes ===> include/ddekit
includes ===> include/ddekit/minix
includes ===> sys
includes ===> sys/arch
includes ===> sys/arch/i386
includes ===> sys/arch/i386/include
includes ===> sys/arch/i386/stand
includes ===> sys/arch/i386/stand/mbr
includes ===> sys/arch/i386/stand/mbr/mbr
includes ===> sys/arch/i386/stand/mbr/mbr_bootsel
includes ===> sys/arch/i386/stand/mbr/mbr_ext
includes ===> sys/arch/i386/stand/mbr/mbr_com0
includes ===> sys/arch/i386/stand/mbr/mbr_com0_9600
includes ===> sys/arch/i386/stand/mbr/gptmbr
includes ===> sys/arch/i386/stand/boot
includes ===> sys/arch/i386/stand/boot/biosboot
includes ===> sys/arch/i386/stand/bootxx
includes ===> sys/arch/i386/stand/bootxx/bootxx_minixfs3
includes ===> sys/arch/i386/stand/bootxx/bootxx_ext2fs
includes ===> sys/arch/i386/stand/cdboot
includes ===> sys/arch/i386/../x86/include
includes ===> sys/net
includes ===> sys/netinet
includes ===> sys/netinet6
includes ===> sys/sys
includes ===> sys/ufs
includes ===> sys/ufs/ffs
includes ===> sys/ufs/lfs
includes ===> sys/ufs/mfs
includes ===> sys/ufs/ufs
includes ===> sys/ufs/ext2fs
includes ===> lib
includes ===> lib/csu
includes ===> lib/libminlib
includes ===> lib/libminlib/pkgconfig
includes ===> lib/libsys
includes ===> lib/libc
includes ===> lib/libc/pkgconfig
includes ===> lib/libcompat_minix
includes ===> lib/libcompat_minix/pkgconfig
includes ===> lib/libblockdriver
includes ===> lib/libchardriver
includes ===> lib/libnetdriver
includes ===> lib/libm
includes ===> lib/libm/arch/i387
includes ===> lib/libtimers
includes ===> lib/libutil
includes ===> lib/libz
includes ===> lib/libfetch
includes ===> lib/libvtreefs
includes ===> lib/libaudiodriver
includes ===> lib/libmthread
includes ===> lib/libexec
includes ===> lib/libdevman
includes ===> lib/libusb
includes ===> lib/libasyn
includes ===> lib/librmt
includes ===> lib/libddekit
includes ===> lib/libddekit/build
includes ===> lib/libddekit/build/ddekit
includes ===> lib/libddekit/build/ddekit_usb_client
includes ===> lib/libddekit/build/ddekit_usb_server
includes ===> lib/libminixfs
includes ===> lib/libbdev
includes ===> lib/libelf
includes ===> lib/libminc
includes ===> lib/libcrypt
includes ===> lib/libterminfo
includes ===> lib/libbz2
includes ===> lib/libprop
includes ===> lib/libnetsock
includes ===> lib/libpuffs
includes ===> lib/libsffs
includes ===> lib/libvassert
includes ===> lib/libhgfs
includes ===> lib/libvboxfs
includes ===> lib/libvirtio
includes ===> lib/../external/bsd/flex/lib
includes ===> lib/../external/public-domain/xz/lib
includes ===> lib/libcurses
includes ===> lib/libedit
includes ===> lib/libedit/readline
includes ===> lib/librefuse
includes ===> lib/../external/bsd/libarchive/lib
includes ===> lib/../external/bsd/libarchive/lib/libarchive
includes ===> lib/../external/bsd/libarchive/lib/libarchive_fe
includes ===> external
includes ===> external/bsd
includes ===> external/bsd/byacc
includes ===> external/bsd/byacc/bin
includes ===> external/bsd/file
includes ===> external/bsd/file/lib
includes ===> external/bsd/file/bin
includes ===> external/bsd/flex
includes ===> external/bsd/flex/lib
includes ===> external/bsd/flex/bin
includes ===> external/bsd/mdocml
includes ===> external/bsd/mdocml/lib
includes ===> external/bsd/mdocml/lib/libman
includes ===> external/bsd/mdocml/lib/libmdoc
includes ===> external/bsd/mdocml/lib/libroff
includes ===> external/bsd/mdocml/bin
includes ===> external/bsd/mdocml/bin/mandoc
includes ===> external/bsd/mdocml/man
includes ===> external/bsd/libarchive
includes ===> external/bsd/libarchive/lib
includes ===> external/bsd/libarchive/lib/libarchive
includes ===> external/bsd/libarchive/lib/libarchive_fe
includes ===> external/bsd/libarchive/bin
includes ===> external/gpl3
includes ===> external/historical
includes ===> external/historical/nawk
includes ===> external/historical/nawk/bin
includes ===> commands
includes ===> commands/add_route
includes ===> commands/arp
includes ===> commands/ash
includes ===> commands/at
includes ===> commands/backup
includes ===> commands/banner
includes ===> commands/basename
includes ===> commands/btrace
includes ===> commands/cal
includes ===> commands/cawf
includes ===> commands/cd
includes ===> commands/cdprobe
includes ===> commands/cpp
includes ===> commands/chmod
includes ===> commands/chown
includes ===> commands/ci
includes ===> commands/cleantmp
includes ===> commands/cmp
includes ===> commands/co
includes ===> commands/comm
includes ===> commands/compress
includes ===> commands/cp
includes ===> commands/crc
includes ===> commands/cron
includes ===> commands/crontab
includes ===> commands/cut
includes ===> commands/dd
includes ===> commands/decomp16
includes ===> commands/DESCRIBE
includes ===> commands/devmand
includes ===> commands/devsize
includes ===> commands/df
includes ===> commands/dhcpd
includes ===> commands/dhrystone
includes ===> commands/diff
includes ===> commands/dirname
includes ===> commands/diskctl
includes ===> commands/dumpcore
includes ===> commands/eject
includes ===> commands/env
includes ===> commands/expand
includes ===> commands/factor
includes ===> commands/fbdctl
includes ===> commands/find
includes ===> commands/finger
includes ===> commands/fingerd
includes ===> commands/fix
includes ===> commands/fold
includes ===> commands/format
includes ===> commands/fortune
includes ===> commands/fsck.mfs
includes ===> commands/ftp101
includes ===> commands/gcore
includes ===> commands/gcov-pull
includes ===> commands/getty
includes ===> commands/grep
includes ===> commands/head
includes ===> commands/hexdump
includes ===> commands/host
includes ===> commands/hostaddr
includes ===> commands/id
includes ===> commands/ifconfig
includes ===> commands/ifdef
includes ===> commands/intr
includes ===> commands/ipcrm
includes ===> commands/ipcs
includes ===> commands/irdpd
includes ===> commands/isoread
includes ===> commands/last
includes ===> commands/less
includes ===> commands/less/less
includes ===> commands/less/lesskey
includes ===> commands/less/lessecho
includes ===> commands/loadkeys
includes ===> commands/loadramdisk
includes ===> commands/logger
includes ===> commands/look
includes ===> commands/lp
includes ===> commands/lpd
includes ===> commands/lspci
includes ===> commands/mail
includes ===> commands/MAKEDEV
includes ===> commands/mesg
includes ===> commands/mined
includes ===> commands/mkfifo
includes ===> commands/mount
includes ===> commands/mt
includes ===> commands/netconf
includes ===> commands/nice
includes ===> commands/acknm
includes ===> commands/nohup
includes ===> commands/nonamed
includes ===> commands/od
includes ===> commands/paste
includes ===> commands/patch
includes ===> commands/ping
includes ===> commands/postinstall
includes ===> commands/poweroff
includes ===> commands/pr
includes ===> commands/prep
includes ===> commands/printroot
includes ===> commands/profile
includes ===> commands/progressbar
includes ===> commands/pr_routes
includes ===> commands/ps
includes ===> commands/pwdauth
includes ===> commands/ramdisk
includes ===> commands/rarpd
includes ===> commands/rawspeed
includes ===> commands/rcp
includes ===> commands/rdate
includes ===> commands/readclock
includes ===> commands/reboot
includes ===> commands/remsync
includes ===> commands/rev
includes ===> commands/rget
includes ===> commands/rlogin
includes ===> commands/rotate
includes ===> commands/rsh
includes ===> commands/rshd
includes ===> commands/service
includes ===> commands/setup
includes ===> commands/shar
includes ===> commands/acksize
includes ===> commands/sleep
includes ===> commands/slip
includes ===> commands/spell
includes ===> commands/split
includes ===> commands/sprofalyze
includes ===> commands/sprofdiff
includes ===> commands/srccrc
includes ===> commands/stty
includes ===> commands/svclog
includes ===> commands/svrctl
includes ===> commands/swifi
includes ===> commands/synctree
includes ===> commands/sysenv
includes ===> commands/syslogd
includes ===> commands/tail
includes ===> commands/tcpd
includes ===> commands/tcpdp
includes ===> commands/tcpstat
includes ===> commands/tee
includes ===> commands/telnet
includes ===> commands/telnetd
includes ===> commands/term
includes ===> commands/termcap
includes ===> commands/tget
includes ===> commands/time
includes ===> commands/touch
includes ===> commands/tr
includes ===> commands/truncate
includes ===> commands/tty
includes ===> commands/udpstat
includes ===> commands/umount
includes ===> commands/uname
includes ===> commands/unexpand
includes ===> commands/unstack
includes ===> commands/update
includes ===> commands/uud
includes ===> commands/uue
includes ===> commands/version
includes ===> commands/vol
includes ===> commands/wc
includes ===> commands/whereis
includes ===> commands/which
includes ===> commands/who
includes ===> commands/write
includes ===> commands/writeisofs
includes ===> commands/fetch
includes ===> commands/xargs
includes ===> commands/yes
includes ===> commands/zdump
includes ===> commands/zmodem
includes ===> commands/pkgin_cd
includes ===> commands/pkgin_all
includes ===> commands/worldstone
includes ===> commands/updateboot
includes ===> commands/update_bootcfg
includes ===> commands/atnormalize
includes ===> commands/dosread
includes ===> commands/fdisk
includes ===> commands/loadfont
includes ===> commands/autopart
includes ===> commands/part
includes ===> commands/partition
includes ===> commands/playwave
includes ===> commands/recwave
includes ===> commands/repartition
includes ===> commands/screendump
includes ===> man
includes ===> man/man1
includes ===> man/man1x
includes ===> man/man2
includes ===> man/man4
includes ===> man/man5
includes ===> man/man6
includes ===> man/man7
includes ===> man/man8
includes ===> man/man9
includes ===> drivers
includes ===> drivers/ahci
includes ===> drivers/amddev
includes ===> drivers/atl2
includes ===> drivers/at_wini
includes ===> drivers/audio
includes ===> drivers/audio/es1370
includes ===> drivers/audio/es1371
includes ===> drivers/audio/sb16
includes ===> drivers/dec21140A
includes ===> drivers/dp8390
includes ===> drivers/dpeth
includes ===> drivers/e1000
includes ===> drivers/fbd
includes ===> drivers/filter
includes ===> drivers/floppy
includes ===> drivers/fxp
includes ===> drivers/hello
includes ===> drivers/lance
includes ===> drivers/log
includes ===> drivers/mmc
includes ===> drivers/orinoco
includes ===> drivers/pci
includes ===> drivers/printer
includes ===> drivers/random
includes ===> drivers/readclock
includes ===> drivers/rtl8139
includes ===> drivers/rtl8169
includes ===> drivers/ti1225
includes ===> drivers/tty
includes ===> drivers/tty/keymaps
includes ===> drivers/vbox
includes ===> drivers/acpi
includes ===> drivers/virtio_blk
includes ===> drivers/virtio_net
includes ===> drivers/ramdisk
includes ===> drivers/memory
includes ===> kernel
includes ===> servers
includes ===> servers/ds
includes ===> servers/ext2
includes ===> servers/inet
includes ===> servers/init
includes ===> servers/ipc
includes ===> servers/is
includes ===> servers/iso9660fs
includes ===> servers/mfs
includes ===> servers/pfs
includes ===> servers/pm
includes ===> servers/procfs
includes ===> servers/rs
includes ===> servers/sched
includes ===> servers/vfs
includes ===> servers/vm
includes ===> servers/devman
includes ===> servers/hgfs
includes ===> servers/vbfs
includes ===> share
includes ===> share/misc
includes ===> share/mk
includes ===> share/terminfo
includes ===> share/zoneinfo
all ===> ds
all ===> ext2
all ===> inet
all ===> init
all ===> ipc
all ===> is
all ===> iso9660fs
all ===> mfs
all ===> pfs
all ===> pm
all ===> procfs
all ===> rs
all ===> sched
all ===> vfs
all ===> vm
all ===> devman
all ===> hgfs
all ===> vbfs
install ===> ds
    install  /usr/sbin/ds
install ===> ext2
    install  /sbin/ext2
install ===> inet
    install  /usr/sbin/inet
install ===> init
    install  /usr/sbin/init
install ===> ipc
    install  /usr/sbin/ipc
    install  /etc/system.conf.d/ipc
install ===> is
    install  /sbin/is
install ===> iso9660fs
    install  /sbin/isofs
install ===> mfs
    install  /sbin/mfs
install ===> pfs
    install  /usr/sbin/pfs
install ===> pm
    install  /usr/sbin/pm
install ===> procfs
    install  /sbin/procfs
install ===> rs
    install  /usr/sbin/rs
install ===> sched
    install  /usr/sbin/sched
install ===> vfs
    install  /usr/sbin/vfs
install ===> vm
    install  /usr/sbin/vm
install ===> devman
    install  /sbin/devman
install ===> hgfs
    install  /sbin/hgfs
install ===> vbfs
    install  /sbin/vbfs
all ===> ahci
all ===> amddev
all ===> atl2
all ===> at_wini
all ===> audio
all ===> audio/es1370
all ===> audio/es1371
all ===> audio/sb16
all ===> dec21140A
all ===> dp8390
all ===> dpeth
all ===> e1000
all ===> fbd
all ===> filter
all ===> floppy
all ===> fxp
all ===> hello
all ===> lance
all ===> log
all ===> mmc
all ===> orinoco
all ===> pci
all ===> printer
all ===> random
all ===> readclock
all ===> rtl8139
all ===> rtl8169
all ===> ti1225
all ===> tty
all ===> tty/keymaps
all ===> vbox
all ===> acpi
all ===> virtio_blk
all ===> virtio_net
all ===> ramdisk
all ===> memory
`image' is up to date.
install ===> ahci
    install  /sbin/ahci
install ===> amddev
    install  /usr/sbin/amddev
install ===> atl2
    install  /usr/sbin/atl2
    install  /etc/system.conf.d/atl2
install ===> at_wini
    install  /sbin/at_wini
install ===> audio
install ===> audio/es1370
    install  /usr/sbin/es1370
install ===> audio/es1371
    install  /usr/sbin/es1371
install ===> audio/sb16
    install  /usr/sbin/sb16
install ===> dec21140A
    install  /usr/sbin/dec21140A
    install  /etc/system.conf.d/dec21140A
install ===> dp8390
    install  /usr/sbin/dp8390
install ===> dpeth
    install  /usr/sbin/dpeth
install ===> e1000
    install  /usr/sbin/e1000
    install  /etc/system.conf.d/e1000
install ===> fbd
    install  /usr/sbin/fbd
install ===> filter
    install  /usr/sbin/filter
install ===> floppy
    install  /sbin/floppy
install ===> fxp
    install  /usr/sbin/fxp
    install  /etc/system.conf.d/fxp
install ===> hello
    install  /usr/sbin/hello
install ===> lance
    install  /usr/sbin/lance
    install  /etc/system.conf.d/lance
install ===> log
    install  /usr/sbin/log
install ===> mmc
    install  /usr/sbin/mmc
install ===> orinoco
    install  /usr/sbin/orinoco
install ===> pci
    install  /usr/sbin/pci
install ===> printer
    install  /usr/sbin/printer
install ===> random
    install  /usr/sbin/random
install ===> readclock
    install  /sbin/readclock.drv
install ===> rtl8139
    install  /usr/sbin/rtl8139
    install  /etc/system.conf.d/rtl8139
install ===> rtl8169
    install  /usr/sbin/rtl8169
    install  /etc/system.conf.d/rtl8169
install ===> ti1225
    install  /usr/sbin/ti1225
install ===> tty
install ===> tty/keymaps
    install  /usr/lib/keymaps/abnt2.map
    install  /usr/lib/keymaps/dvorak.map
    install  /usr/lib/keymaps/french.map
    install  /usr/lib/keymaps/german.map
    install  /usr/lib/keymaps/italian.map
    install  /usr/lib/keymaps/japanese.map
    install  /usr/lib/keymaps/latin-america.map
    install  /usr/lib/keymaps/olivetti.map
    install  /usr/lib/keymaps/polish.map
    install  /usr/lib/keymaps/portuguese.map
    install  /usr/lib/keymaps/russian-cp1251.map
    install  /usr/lib/keymaps/russian-cp866.map
    install  /usr/lib/keymaps/russian.map
    install  /usr/lib/keymaps/scandinavian.map
    install  /usr/lib/keymaps/spanish.map
    install  /usr/lib/keymaps/uk.map
    install  /usr/lib/keymaps/ukraine-koi8-u.map
    install  /usr/lib/keymaps/us-std-esc.map
    install  /usr/lib/keymaps/us-std.map
    install  /usr/lib/keymaps/us-swap.map
    install  /usr/sbin/tty
install ===> vbox
    install  /usr/sbin/vbox
install ===> acpi
    install  /usr/sbin/acpi
install ===> virtio_blk
    install  /sbin/virtio_blk
install ===> virtio_net
    install  /usr/sbin/virtio_net
    install  /etc/system.conf.d/virtio_net
install ===> ramdisk
install ===> memory
    install  /usr/sbin/memory
